DroneApp/app/build/intermediates/manifest_merge_blame_file/debug/manifest-merger-blame-debug-report.txt
1<?xml version="1.0" encoding="utf-8"?>
2<manifest xmlns:android="http://schemas.android.com/apk/res/android"
3    package="com.example.droneapp"
4    android:versionCode="1"
5    android:versionName="1.0" >
6
7    <uses-sdk
8        android:minSdkVersion="24"
8-->src/main/AndroidManifest.xml
9        android:targetSdkVersion="29" />
9-->src/main/AndroidManifest.xml
10
11    <uses-permission android:name="android.permission.INTERNET" />
11-->[com.parrot.drone.groundsdk:arsdkengine:1.1.2] AndroidManifest.xml:43:5-67
11-->[com.parrot.drone.groundsdk:arsdkengine:1.1.2] AndroidManifest.xml:43:22-64
12
13    <uses-feature
13-->[com.parrot.drone.groundsdk:groundsdk:1.1.2] AndroidManifest.xml:43:5-45:36
14        android:name="android.hardware.sensor.barometer"
14-->[com.parrot.drone.groundsdk:groundsdk:1.1.2] AndroidManifest.xml:44:9-57
15        android:required="false" />
15-->[com.parrot.drone.groundsdk:groundsdk:1.1.2] AndroidManifest.xml:45:9-33
16    <uses-feature
16-->[com.parrot.drone.groundsdk:groundsdk:1.1.2] AndroidManifest.xml:46:5-48:36
17        android:name="android.hardware.location"
17-->[com.parrot.drone.groundsdk:groundsdk:1.1.2] AndroidManifest.xml:47:9-49
18        android:required="false" />
18-->[com.parrot.drone.groundsdk:groundsdk:1.1.2] AndroidManifest.xml:48:9-33
19    <uses-feature
19-->[com.parrot.drone.groundsdk:groundsdk:1.1.2] AndroidManifest.xml:49:5-51:36
20        android:name="android.hardware.location.gps"
20-->[com.parrot.drone.groundsdk:groundsdk:1.1.2] AndroidManifest.xml:50:9-53
21        android:required="false" />
21-->[com.parrot.drone.groundsdk:groundsdk:1.1.2] AndroidManifest.xml:51:9-33
22    <uses-feature
22-->[com.parrot.drone.groundsdk:groundsdk:1.1.2] AndroidManifest.xml:52:5-54:35
23        android:glEsVersion="0x00030000"
23-->[com.parrot.drone.groundsdk:groundsdk:1.1.2] AndroidManifest.xml:53:9-41
24        android:required="true" />
24-->[com.parrot.drone.groundsdk:groundsdk:1.1.2] AndroidManifest.xml:54:9-32
25
26    <uses-permission android:name="android.permission.ACCESS_FINE_LOCATION" />
26-->[com.parrot.drone.groundsdk:groundsdk:1.1.2] AndroidManifest.xml:56:5-79
26-->[com.parrot.drone.groundsdk:groundsdk:1.1.2] AndroidManifest.xml:56:22-76
27    <uses-permission android:name="android.permission.ACCESS_NETWORK_STATE" />
27-->[com.parrot.drone.groundsdk:groundsdk:1.1.2] AndroidManifest.xml:57:5-79
27-->[com.parrot.drone.groundsdk:groundsdk:1.1.2] AndroidManifest.xml:57:22-76
28    <uses-permission android:name="android.permission.BLUETOOTH" />
28-->[com.parrot:arsdk:3.13.1] AndroidManifest.xml:12:5-68
28-->[com.parrot:arsdk:3.13.1] AndroidManifest.xml:12:22-65
29    <uses-permission android:name="android.permission.BLUETOOTH_ADMIN" />
29-->[com.parrot:arsdk:3.13.1] AndroidManifest.xml:13:5-74
29-->[com.parrot:arsdk:3.13.1] AndroidManifest.xml:13:22-71
30    <uses-permission android:name="android.permission.ACCESS_COARSE_LOCATION" />
30-->[com.parrot:arsdk:3.13.1] AndroidManifest.xml:14:5-81
30-->[com.parrot:arsdk:3.13.1] AndroidManifest.xml:14:22-78
31    <uses-permission android:name="android.permission.ACCESS_WIFI_STATE" />
31-->[com.parrot:arsdk:3.13.1] AndroidManifest.xml:16:5-76
31-->[com.parrot:arsdk:3.13.1] AndroidManifest.xml:16:22-73
32    <uses-permission android:name="android.permission.CHANGE_WIFI_MULTICAST_STATE" />
32-->[com.parrot:arsdk:3.13.1] AndroidManifest.xml:17:5-86
32-->[com.parrot:arsdk:3.13.1] AndroidManifest.xml:17:22-83
33    <uses-permission android:name="android.permission.GET_TASKS" />
33-->[com.parrot:libARDiscovery:3.13.1] AndroidManifest.xml:13:5-68
33-->[com.parrot:libARDiscovery:3.13.1] AndroidManifest.xml:13:22-65
34    <uses-permission android:name="android.permission.REORDER_TASKS" />
34-->[com.parrot:libARDiscovery:3.13.1] AndroidManifest.xml:14:5-72
34-->[com.parrot:libARDiscovery:3.13.1] AndroidManifest.xml:14:22-69
35    <uses-permission android:name="android.permission.WAKE_LOCK" />
35-->[com.parrot.drone.groundsdk:sdkcore:1.1.2] AndroidManifest.xml:49:5-68
35-->[com.parrot.drone.groundsdk:sdkcore:1.1.2] AndroidManifest.xml:49:22-65
36    <uses-permission android:name="android.permission.WRITE_EXTERNAL_STORAGE" />
36-->[com.parrot.drone.groundsdk:sdkcore:1.1.2] AndroidManifest.xml:51:5-81
36-->[com.parrot.drone.groundsdk:sdkcore:1.1.2] AndroidManifest.xml:51:22-78
37    <uses-permission android:name="android.permission.READ_EXTERNAL_STORAGE" />
38
39    <application
39-->src/main/AndroidManifest.xml:5:5-22:19
40        android:allowBackup="true"
40-->src/main/AndroidManifest.xml:6:9-35
41        android:appComponentFactory="androidx.core.app.CoreComponentFactory"
41-->[androidx.core:core:1.2.0] AndroidManifest.xml:24:18-86
42        android:debuggable="true"
43        android:extractNativeLibs="false"
44        android:icon="@mipmap/ic_launcher"
44-->src/main/AndroidManifest.xml:7:9-43
45        android:label="@string/app_name"
45-->src/main/AndroidManifest.xml:8:9-41
46        android:networkSecurityConfig="@xml/network_security_config"
46-->[com.parrot.drone.groundsdk:arsdkengine:1.1.2] AndroidManifest.xml:46:9-69
47        android:roundIcon="@mipmap/ic_launcher_round"
47-->src/main/AndroidManifest.xml:9:9-54
48        android:supportsRtl="true"
48-->src/main/AndroidManifest.xml:10:9-35
49        android:testOnly="true"
50        android:theme="@style/AppTheme" >
50-->src/main/AndroidManifest.xml:11:9-40
51        <activity
51-->src/main/AndroidManifest.xml:12:9-21:20
52            android:name="com.example.droneapp.MainActivity"
52-->src/main/AndroidManifest.xml:13:13-41
53            android:label="@string/app_name"
53-->src/main/AndroidManifest.xml:14:13-45
54            android:theme="@style/AppTheme.NoActionBar" >
54-->src/main/AndroidManifest.xml:15:13-56
55            <intent-filter>
55-->src/main/AndroidManifest.xml:16:13-20:29
56                <action android:name="android.intent.action.MAIN" />
56-->src/main/AndroidManifest.xml:17:17-69
56-->src/main/AndroidManifest.xml:17:25-66
57
58                <category android:name="android.intent.category.LAUNCHER" />
58-->src/main/AndroidManifest.xml:19:17-77
58-->src/main/AndroidManifest.xml:19:27-74
59            </intent-filter>
60        </activity>
61
62        <meta-data
62-->[com.parrot.drone.groundsdk:arsdkengine:1.1.2] AndroidManifest.xml:48:9-50:82
63            android:name="com.parrot.drone.groundsdk.engine.arsdkengine"
63-->[com.parrot.drone.groundsdk:arsdkengine:1.1.2] AndroidManifest.xml:49:13-73
64            android:value="com.parrot.drone.groundsdk.arsdkengine.ArsdkEngine" />
64-->[com.parrot.drone.groundsdk:arsdkengine:1.1.2] AndroidManifest.xml:50:13-79
65
66        <activity
66-->[com.parrot.drone.groundsdk:groundsdk:1.1.2] AndroidManifest.xml:60:9-72:20
67            android:name="com.parrot.drone.groundsdk.internal.RcAccessoryBootstrapActivity"
67-->[com.parrot.drone.groundsdk:groundsdk:1.1.2] AndroidManifest.xml:61:13-92
68            android:enabled="@bool/gsdk_rc_accessory_bootstrap_activity_enabled"
68-->[com.parrot.drone.groundsdk:groundsdk:1.1.2] AndroidManifest.xml:62:13-81
69            android:launchMode="singleInstance"
69-->[com.parrot.drone.groundsdk:groundsdk:1.1.2] AndroidManifest.xml:63:13-48
70            android:theme="@android:style/Theme.NoDisplay" >
70-->[com.parrot.drone.groundsdk:groundsdk:1.1.2] AndroidManifest.xml:64:13-59
71            <intent-filter>
71-->[com.parrot.drone.groundsdk:groundsdk:1.1.2] AndroidManifest.xml:65:13-67:29
72                <action android:name="android.hardware.usb.action.USB_ACCESSORY_ATTACHED" />
72-->[com.parrot.drone.groundsdk:groundsdk:1.1.2] AndroidManifest.xml:66:17-93
72-->[com.parrot.drone.groundsdk:groundsdk:1.1.2] AndroidManifest.xml:66:25-90
73            </intent-filter>
74
75            <meta-data
75-->[com.parrot.drone.groundsdk:groundsdk:1.1.2] AndroidManifest.xml:69:13-71:62
76                android:name="android.hardware.usb.action.USB_ACCESSORY_ATTACHED"
76-->[com.parrot.drone.groundsdk:groundsdk:1.1.2] AndroidManifest.xml:70:17-82
77                android:resource="@xml/gsdk_usb_rc_filter" />
77-->[com.parrot.drone.groundsdk:groundsdk:1.1.2] AndroidManifest.xml:71:17-59
78        </activity>
79
80        <service android:name="com.parrot.arsdk.ardiscovery.ARDiscoveryService" />
80-->[com.parrot:arsdk:3.13.1] AndroidManifest.xml:23:9-83
80-->[com.parrot:arsdk:3.13.1] AndroidManifest.xml:23:18-80
81
82        <activity
82-->[com.google.android.gms:play-services-base:17.0.0] AndroidManifest.xml:23:9-26:75
83            android:name="com.google.android.gms.common.api.GoogleApiActivity"
83-->[com.google.android.gms:play-services-base:17.0.0] AndroidManifest.xml:24:13-79
84            android:exported="false"
84-->[com.google.android.gms:play-services-base:17.0.0] AndroidManifest.xml:25:13-37
85            android:theme="@android:style/Theme.Translucent.NoTitleBar" />
85-->[com.google.android.gms:play-services-base:17.0.0] AndroidManifest.xml:26:13-72
86
87        <meta-data
87-->[com.google.android.gms:play-services-basement:17.0.0] AndroidManifest.xml:23:9-25:69
88            android:name="com.google.android.gms.version"
88-->[com.google.android.gms:play-services-basement:17.0.0] AndroidManifest.xml:24:13-58
89            android:value="@integer/google_play_services_version" />
89-->[com.google.android.gms:play-services-basement:17.0.0] AndroidManifest.xml:25:13-66
90    </application>
91
92</manifest>